<?xml version="1.0" encoding="UTF-8"?>
<!-- Generated by org.testng.reporters.JUnitReportReporter -->
<testsuite hostname="Shagu" failures="0" tests="11" name="Final.SwagLabs" time="53.399" errors="0" timestamp="2022-03-31T12:10:33 GMT-04:00" skipped="0">
  <testcase classname="Final.SwagLabs" name="Login" time="4.975"/>
  <system-out/>
  <testcase classname="Final.SwagLabs" name="dropdown" time="2.076"/>
  <system-out/>
  <testcase classname="Final.SwagLabs" name="items" time="14.707"/>
  <system-out/>
  <testcase classname="Final.SwagLabs" name="addtocart" time="2.131"/>
  <system-out/>
  <testcase classname="Final.SwagLabs" name="removeitems" time="14.353"/>
  <system-out/>
  <testcase classname="Final.SwagLabs" name="continueshopping" time="4.231"/>
  <system-out/>
  <testcase classname="Final.SwagLabs" name="checkout" time="2.115"/>
  <system-out/>
  <testcase classname="Final.SwagLabs" name="Inbox" time="2.376"/>
  <system-out/>
  <testcase classname="Final.SwagLabs" name="button" time="2.205"/>
  <system-out/>
  <testcase classname="Final.SwagLabs" name="finish" time="2.120"/>
  <system-out/>
  <testcase classname="Final.SwagLabs" name="backtohome" time="2.110"/>
  <system-out/>
</testsuite> <!-- Final.SwagLabs -->
